  main.cpp
C:\Users\HP\Downloads\project2\kernel\executable\main.cpp(103,61): warning C4267: 'argument': conversion from 'size_t' to 'int', possible loss of data
C:\Users\HP\Downloads\project2\kernel\executable\main.cpp(107,43): warning C4996: 'strerror': This function or variable may be unsafe. Consider using strerror_s instead. To disable deprecation, use _CRT_SECURE_NO_WARNINGS. See online help for details.
C:\Users\HP\Downloads\project2\kernel\executable\main.cpp(132,70): warning C4267: 'argument': conversion from 'size_t' to 'int', possible loss of data
C:\Users\HP\Downloads\project2\kernel\executable\main.cpp(136,43): warning C4996: 'strerror': This function or variable may be unsafe. Consider using strerror_s instead. To disable deprecation, use _CRT_SECURE_NO_WARNINGS. See online help for details.
C:\Users\HP\Downloads\project2\kernel\executable\main.cpp(172,38): warning C4267: '=': conversion from 'size_t' to 'unsigned int', possible loss of data
C:\Users\HP\Downloads\project2\kernel\executable\main.cpp(156,15): warning C4996: 'fopen': This function or variable may be unsafe. Consider using fopen_s instead. To disable deprecation, use _CRT_SECURE_NO_WARNINGS. See online help for details.
C:\Users\HP\Downloads\project2\kernel\executable\main.cpp(160,39): warning C4996: 'strerror': This function or variable may be unsafe. Consider using strerror_s instead. To disable deprecation, use _CRT_SECURE_NO_WARNINGS. See online help for details.
C:\Users\HP\Downloads\project2\kernel\executable\main.cpp(205,39): warning C4996: 'strerror': This function or variable may be unsafe. Consider using strerror_s instead. To disable deprecation, use _CRT_SECURE_NO_WARNINGS. See online help for details.
C:\Users\HP\Downloads\project2\kernel\executable\main.cpp(206,9): warning C4996: 'strncpy': This function or variable may be unsafe. Consider using strncpy_s instead. To disable deprecation, use _CRT_SECURE_NO_WARNINGS. See online help for details.
C:\Users\HP\Downloads\project2\kernel\executable\main.cpp(216,5): warning C4996: 'strncpy': This function or variable may be unsafe. Consider using strncpy_s instead. To disable deprecation, use _CRT_SECURE_NO_WARNINGS. See online help for details.
C:\Users\HP\Downloads\project2\kernel\executable\main.cpp(230,43): warning C4996: 'strerror': This function or variable may be unsafe. Consider using strerror_s instead. To disable deprecation, use _CRT_SECURE_NO_WARNINGS. See online help for details.
C:\Users\HP\Downloads\project2\kernel\executable\main.cpp(231,13): warning C4996: 'strncpy': This function or variable may be unsafe. Consider using strncpy_s instead. To disable deprecation, use _CRT_SECURE_NO_WARNINGS. See online help for details.
C:\Users\HP\Downloads\project2\kernel\executable\main.cpp(246,43): warning C4996: 'strerror': This function or variable may be unsafe. Consider using strerror_s instead. To disable deprecation, use _CRT_SECURE_NO_WARNINGS. See online help for details.
C:\Users\HP\Downloads\project2\kernel\executable\main.cpp(247,13): warning C4996: 'strncpy': This function or variable may be unsafe. Consider using strncpy_s instead. To disable deprecation, use _CRT_SECURE_NO_WARNINGS. See online help for details.
C:\Users\HP\Downloads\project2\kernel\executable\main.cpp(262,9): warning C4996: 'strncpy': This function or variable may be unsafe. Consider using strncpy_s instead. To disable deprecation, use _CRT_SECURE_NO_WARNINGS. See online help for details.
C:\Users\HP\Downloads\project2\kernel\executable\main.cpp(284,9): warning C4996: 'strncpy': This function or variable may be unsafe. Consider using strncpy_s instead. To disable deprecation, use _CRT_SECURE_NO_WARNINGS. See online help for details.
C:\Users\HP\Downloads\project2\kernel\executable\main.cpp(294,9): warning C4996: 'strncpy': This function or variable may be unsafe. Consider using strncpy_s instead. To disable deprecation, use _CRT_SECURE_NO_WARNINGS. See online help for details.
C:\Users\HP\Downloads\project2\kernel\executable\main.cpp(297,43): warning C4996: 'strerror': This function or variable may be unsafe. Consider using strerror_s instead. To disable deprecation, use _CRT_SECURE_NO_WARNINGS. See online help for details.
C:\Users\HP\Downloads\project2\kernel\executable\main.cpp(302,24): warning C4996: 'strcpy': This function or variable may be unsafe. Consider using strcpy_s instead. To disable deprecation, use _CRT_SECURE_NO_WARNINGS. See online help for details.
C:\Users\HP\Downloads\project2\kernel\executable\main.cpp(308,49): warning C4996: 'strerror': This function or variable may be unsafe. Consider using strerror_s instead. To disable deprecation, use _CRT_SECURE_NO_WARNINGS. See online help for details.
C:\Users\HP\Downloads\project2\kernel\executable\main.cpp(322,13): warning C4996: 'strcpy': This function or variable may be unsafe. Consider using strcpy_s instead. To disable deprecation, use _CRT_SECURE_NO_WARNINGS. See online help for details.
C:\Users\HP\Downloads\project2\kernel\executable\main.cpp(341,43): warning C4996: 'strerror': This function or variable may be unsafe. Consider using strerror_s instead. To disable deprecation, use _CRT_SECURE_NO_WARNINGS. See online help for details.
  winpmem.cpp
C:\Users\HP\Downloads\project2\kernel\executable\winpmem.cpp(294,17): warning C4101: 'lt': unreferenced local variable
C:\Users\HP\Downloads\project2\kernel\executable\winpmem.cpp(801,9): warning C4996: '_vsnprintf': This function or variable may be unsafe. Consider using _vsnprintf_s instead. To disable deprecation, use _CRT_SECURE_NO_WARNINGS. See online help for details.
C:\Users\HP\Downloads\project2\kernel\executable\winpmem.cpp(840,9): warning C4996: '_vsnwprintf': This function or variable may be unsafe. Consider using _vsnwprintf_s instead. To disable deprecation, use _CRT_SECURE_NO_WARNINGS. See online help for details.
  Generating Code...
  winpmem.vcxproj -> C:\Users\HP\Downloads\project2\kernel\executable\x64\Debug\winpmem.exe
