  main.cpp
C:\Users\HP\Downloads\WinPmem-4.0.rc1\WinPmem-4.0.rc1\kernel\executable\main.cpp(60,43): warning C4996: 'strerror': This function or variable may be unsafe. Consider using strerror_s instead. To disable deprecation, use _CRT_SECURE_NO_WARNINGS. See online help for details.
C:\Users\HP\Downloads\WinPmem-4.0.rc1\WinPmem-4.0.rc1\kernel\executable\main.cpp(89,43): warning C4996: 'strerror': This function or variable may be unsafe. Consider using strerror_s instead. To disable deprecation, use _CRT_SECURE_NO_WARNINGS. See online help for details.
C:\Users\HP\Downloads\WinPmem-4.0.rc1\WinPmem-4.0.rc1\kernel\executable\main.cpp(109,15): warning C4996: 'fopen': This function or variable may be unsafe. Consider using fopen_s instead. To disable deprecation, use _CRT_SECURE_NO_WARNINGS. See online help for details.
C:\Users\HP\Downloads\WinPmem-4.0.rc1\WinPmem-4.0.rc1\kernel\executable\main.cpp(113,39): warning C4996: 'strerror': This function or variable may be unsafe. Consider using strerror_s instead. To disable deprecation, use _CRT_SECURE_NO_WARNINGS. See online help for details.
C:\Users\HP\Downloads\WinPmem-4.0.rc1\WinPmem-4.0.rc1\kernel\executable\main.cpp(158,39): warning C4996: 'strerror': This function or variable may be unsafe. Consider using strerror_s instead. To disable deprecation, use _CRT_SECURE_NO_WARNINGS. See online help for details.
C:\Users\HP\Downloads\WinPmem-4.0.rc1\WinPmem-4.0.rc1\kernel\executable\main.cpp(159,9): warning C4996: 'strncpy': This function or variable may be unsafe. Consider using strncpy_s instead. To disable deprecation, use _CRT_SECURE_NO_WARNINGS. See online help for details.
C:\Users\HP\Downloads\WinPmem-4.0.rc1\WinPmem-4.0.rc1\kernel\executable\main.cpp(169,5): warning C4996: 'strncpy': This function or variable may be unsafe. Consider using strncpy_s instead. To disable deprecation, use _CRT_SECURE_NO_WARNINGS. See online help for details.
C:\Users\HP\Downloads\WinPmem-4.0.rc1\WinPmem-4.0.rc1\kernel\executable\main.cpp(183,43): warning C4996: 'strerror': This function or variable may be unsafe. Consider using strerror_s instead. To disable deprecation, use _CRT_SECURE_NO_WARNINGS. See online help for details.
C:\Users\HP\Downloads\WinPmem-4.0.rc1\WinPmem-4.0.rc1\kernel\executable\main.cpp(184,13): warning C4996: 'strncpy': This function or variable may be unsafe. Consider using strncpy_s instead. To disable deprecation, use _CRT_SECURE_NO_WARNINGS. See online help for details.
C:\Users\HP\Downloads\WinPmem-4.0.rc1\WinPmem-4.0.rc1\kernel\executable\main.cpp(199,43): warning C4996: 'strerror': This function or variable may be unsafe. Consider using strerror_s instead. To disable deprecation, use _CRT_SECURE_NO_WARNINGS. See online help for details.
C:\Users\HP\Downloads\WinPmem-4.0.rc1\WinPmem-4.0.rc1\kernel\executable\main.cpp(200,13): warning C4996: 'strncpy': This function or variable may be unsafe. Consider using strncpy_s instead. To disable deprecation, use _CRT_SECURE_NO_WARNINGS. See online help for details.
C:\Users\HP\Downloads\WinPmem-4.0.rc1\WinPmem-4.0.rc1\kernel\executable\main.cpp(215,9): warning C4996: 'strncpy': This function or variable may be unsafe. Consider using strncpy_s instead. To disable deprecation, use _CRT_SECURE_NO_WARNINGS. See online help for details.
C:\Users\HP\Downloads\WinPmem-4.0.rc1\WinPmem-4.0.rc1\kernel\executable\main.cpp(237,9): warning C4996: 'strncpy': This function or variable may be unsafe. Consider using strncpy_s instead. To disable deprecation, use _CRT_SECURE_NO_WARNINGS. See online help for details.
C:\Users\HP\Downloads\WinPmem-4.0.rc1\WinPmem-4.0.rc1\kernel\executable\main.cpp(247,9): warning C4996: 'strncpy': This function or variable may be unsafe. Consider using strncpy_s instead. To disable deprecation, use _CRT_SECURE_NO_WARNINGS. See online help for details.
C:\Users\HP\Downloads\WinPmem-4.0.rc1\WinPmem-4.0.rc1\kernel\executable\main.cpp(250,43): warning C4996: 'strerror': This function or variable may be unsafe. Consider using strerror_s instead. To disable deprecation, use _CRT_SECURE_NO_WARNINGS. See online help for details.
C:\Users\HP\Downloads\WinPmem-4.0.rc1\WinPmem-4.0.rc1\kernel\executable\main.cpp(255,24): warning C4996: 'strcpy': This function or variable may be unsafe. Consider using strcpy_s instead. To disable deprecation, use _CRT_SECURE_NO_WARNINGS. See online help for details.
C:\Users\HP\Downloads\WinPmem-4.0.rc1\WinPmem-4.0.rc1\kernel\executable\main.cpp(261,49): warning C4996: 'strerror': This function or variable may be unsafe. Consider using strerror_s instead. To disable deprecation, use _CRT_SECURE_NO_WARNINGS. See online help for details.
C:\Users\HP\Downloads\WinPmem-4.0.rc1\WinPmem-4.0.rc1\kernel\executable\main.cpp(275,13): warning C4996: 'strcpy': This function or variable may be unsafe. Consider using strcpy_s instead. To disable deprecation, use _CRT_SECURE_NO_WARNINGS. See online help for details.
C:\Users\HP\Downloads\WinPmem-4.0.rc1\WinPmem-4.0.rc1\kernel\executable\main.cpp(294,43): warning C4996: 'strerror': This function or variable may be unsafe. Consider using strerror_s instead. To disable deprecation, use _CRT_SECURE_NO_WARNINGS. See online help for details.
  winpmem.cpp
C:\Users\HP\Downloads\WinPmem-4.0.rc1\WinPmem-4.0.rc1\kernel\executable\winpmem.cpp(294,17): warning C4101: 'lt': unreferenced local variable
C:\Users\HP\Downloads\WinPmem-4.0.rc1\WinPmem-4.0.rc1\kernel\executable\winpmem.cpp(801,9): warning C4996: '_vsnprintf': This function or variable may be unsafe. Consider using _vsnprintf_s instead. To disable deprecation, use _CRT_SECURE_NO_WARNINGS. See online help for details.
C:\Users\HP\Downloads\WinPmem-4.0.rc1\WinPmem-4.0.rc1\kernel\executable\winpmem.cpp(840,9): warning C4996: '_vsnwprintf': This function or variable may be unsafe. Consider using _vsnwprintf_s instead. To disable deprecation, use _CRT_SECURE_NO_WARNINGS. See online help for details.
  Generating Code...
  winpmem.vcxproj -> C:\Users\HP\Downloads\WinPmem-4.0.rc1\WinPmem-4.0.rc1\kernel\executable\Debug\winpmem.exe
